<?xml version="1.0" encoding="UTF-8"?>
<!-- Generated by org.testng.reporters.JUnitReportReporter -->
<testsuite hostname="ubuntu" failures="0" tests="1" name="test.NewTestClass" time="27.313" errors="0" timestamp="2023-07-01T12:59:25 IST" skipped="0">
  <testcase classname="test.NewTestClass" name="f" time="27.313"/>
</testsuite> <!-- test.NewTestClass -->
